[2026-04-19 17:01:56 UTC] [INFO] === ABM Pruner Agent starting (dry_run=True) ===
[2026-04-19 17:01:56 UTC] [INFO] Safety gate: 0 accounts with active SF pipeline — will NOT prune
[2026-04-19 17:01:56 UTC] [INFO] Exclusion list: 0 domains
[2026-04-19 17:01:56 UTC] [INFO] Found 3 enabled campaign segments
[2026-04-19 17:01:56 UTC] [INFO] 
--- Segment: 17282314 (Voice API/Twilio) size=None ---
[2026-04-19 17:03:31 UTC] [INFO] === ABM Pruner Agent starting (dry_run=True) ===
[2026-04-19 17:03:31 UTC] [INFO] Safety gate: 0 accounts with active SF pipeline — will NOT prune
[2026-04-19 17:04:47 UTC] [INFO] === ABM Pruner Agent starting (dry_run=True) ===
[2026-04-19 17:04:47 UTC] [INFO] Safety gate: 0 accounts with active SF pipeline — will NOT prune
[2026-04-19 17:04:47 UTC] [INFO] Existing exclusions: 0
[2026-04-19 17:04:47 UTC] [INFO] Found 14 product/variant combinations to check
[2026-04-19 17:04:47 UTC] [INFO] Accounts to evaluate: 2555
[2026-04-19 17:04:47 UTC] [INFO] 
--- Evaluating: Voice API/generic ---
[2026-04-19 17:04:56 UTC] [INFO] === ABM Pruner Agent starting (dry_run=True) ===
[2026-04-19 17:04:56 UTC] [INFO] Safety gate: 0 accounts with active SF pipeline — will NOT prune
[2026-04-19 17:04:56 UTC] [INFO] Existing exclusions: 0
[2026-04-19 17:04:56 UTC] [INFO] Found 14 product/variant combinations to check
[2026-04-19 17:04:56 UTC] [INFO] Accounts to evaluate: 2555
[2026-04-19 17:04:56 UTC] [INFO] 
--- Evaluating: Voice API/generic ---
[2026-04-19 17:04:56 UTC] [INFO]   0 exclusion candidates (< 0.2)
[2026-04-19 17:04:56 UTC] [INFO]   0 review candidates (0.2-0.4)
[2026-04-19 17:04:56 UTC] [INFO] 
--- Evaluating: AI Agent/TTS API ---
[2026-04-19 17:04:56 UTC] [INFO]   0 exclusion candidates (< 0.2)
[2026-04-19 17:04:56 UTC] [INFO]   0 review candidates (0.2-0.4)
[2026-04-19 17:04:56 UTC] [INFO] 
--- Evaluating: AI Agent/STT API ---
[2026-04-19 17:04:56 UTC] [INFO]   0 exclusion candidates (< 0.2)
[2026-04-19 17:04:56 UTC] [INFO]   0 review candidates (0.2-0.4)
[2026-04-19 17:04:56 UTC] [INFO] 
--- Evaluating: Voice API/Twilio ---
[2026-04-19 17:04:56 UTC] [INFO]   0 exclusion candidates (< 0.2)
[2026-04-19 17:04:56 UTC] [INFO]   0 review candidates (0.2-0.4)
[2026-04-19 17:04:56 UTC] [INFO] 
--- Evaluating: IoT SIM/generic ---
[2026-04-19 17:04:56 UTC] [INFO]   0 exclusion candidates (< 0.2)
[2026-04-19 17:04:56 UTC] [INFO]   0 review candidates (0.2-0.4)
[2026-04-19 17:04:56 UTC] [INFO] 
--- Evaluating: AI Agent/Travel ---
[2026-04-19 17:04:56 UTC] [INFO]   0 exclusion candidates (< 0.2)
[2026-04-19 17:04:56 UTC] [INFO]   0 review candidates (0.2-0.4)
[2026-04-19 17:04:56 UTC] [INFO] 
--- Evaluating: AI Agent/Contact Center ---
[2026-04-19 17:04:56 UTC] [INFO]   0 exclusion candidates (< 0.2)
[2026-04-19 17:04:56 UTC] [INFO]   0 review candidates (0.2-0.4)
[2026-04-19 17:04:56 UTC] [INFO] 
--- Evaluating: SIP/generic ---
[2026-04-19 17:04:56 UTC] [INFO]   0 exclusion candidates (< 0.2)
[2026-04-19 17:04:56 UTC] [INFO]   0 review candidates (0.2-0.4)
[2026-04-19 17:04:56 UTC] [INFO] 
--- Evaluating: AI Agent/ElevenLabs+Vapi ---
[2026-04-19 17:04:56 UTC] [INFO]   0 exclusion candidates (< 0.2)
[2026-04-19 17:04:56 UTC] [INFO]   0 review candidates (0.2-0.4)
[2026-04-19 17:04:56 UTC] [INFO] 
--- Evaluating: AI Agent/generic ---
[2026-04-19 17:04:56 UTC] [INFO]   0 exclusion candidates (< 0.2)
[2026-04-19 17:04:56 UTC] [INFO]   0 review candidates (0.2-0.4)
[2026-04-19 17:04:56 UTC] [INFO] 
--- Evaluating: SMS/generic ---
[2026-04-19 17:04:56 UTC] [INFO]   0 exclusion candidates (< 0.2)
[2026-04-19 17:04:56 UTC] [INFO]   0 review candidates (0.2-0.4)
[2026-04-19 17:04:56 UTC] [INFO] 
--- Evaluating: AI Agent/Fintech ---
[2026-04-19 17:04:56 UTC] [INFO]   0 exclusion candidates (< 0.2)
[2026-04-19 17:04:56 UTC] [INFO]   0 review candidates (0.2-0.4)
[2026-04-19 17:04:56 UTC] [INFO] 
--- Evaluating: AI Agent/Healthcare ---
[2026-04-19 17:04:56 UTC] [INFO]   0 exclusion candidates (< 0.2)
[2026-04-19 17:04:56 UTC] [INFO]   0 review candidates (0.2-0.4)
[2026-04-19 17:04:56 UTC] [INFO] 
--- Evaluating: AI Agent/Social Boost ---
[2026-04-19 17:04:56 UTC] [INFO]   0 exclusion candidates (< 0.2)
[2026-04-19 17:04:56 UTC] [INFO]   0 review candidates (0.2-0.4)
[2026-04-19 17:04:56 UTC] [INFO] 
=== Pruner Summary ===
[2026-04-19 17:04:56 UTC] [INFO] Accounts checked: 2555
[2026-04-19 17:04:56 UTC] [INFO] Product/variant combos: 14
[2026-04-19 17:04:56 UTC] [INFO] SF pipeline protected: 0
[2026-04-19 17:04:56 UTC] [INFO] Learning period protected: 35770
[2026-04-19 17:04:56 UTC] [INFO] Already excluded: 0
[2026-04-19 17:04:56 UTC] [INFO] Auto-excluded: 0
[2026-04-19 17:04:56 UTC] [INFO] Flagged for review: 0
[2026-04-19 17:04:56 UTC] [WARN] Failed to log agent run: column "metadata" of relation "AgentRun" does not exist
LINE 1: ...id, "agentId", status, "startedAt", "completedAt", metadata)
                                                              ^

[2026-04-19 18:25:32 UTC] [INFO] === ABM Pruner Agent starting (dry_run=True) ===
[2026-04-19 18:25:32 UTC] [INFO] Safety gate: 0 accounts with active SF pipeline — will NOT prune
[2026-04-19 18:25:32 UTC] [INFO] Existing exclusions: 2438
[2026-04-19 18:25:32 UTC] [INFO] Found 14 product/variant combinations to check
[2026-04-19 18:25:32 UTC] [INFO] Accounts to evaluate: 2555
[2026-04-19 18:25:32 UTC] [INFO] 
--- Evaluating: Voice API/generic ---
[2026-04-19 18:25:32 UTC] [INFO]   0 exclusion candidates (< 0.2)
[2026-04-19 18:25:32 UTC] [INFO]   0 review candidates (0.2-0.4)
[2026-04-19 18:25:32 UTC] [INFO] 
--- Evaluating: AI Agent/TTS API ---
[2026-04-19 18:25:32 UTC] [INFO]   0 exclusion candidates (< 0.2)
[2026-04-19 18:25:32 UTC] [INFO]   0 review candidates (0.2-0.4)
[2026-04-19 18:25:32 UTC] [INFO] 
--- Evaluating: AI Agent/STT API ---
[2026-04-19 18:25:32 UTC] [INFO]   0 exclusion candidates (< 0.2)
[2026-04-19 18:25:32 UTC] [INFO]   0 review candidates (0.2-0.4)
[2026-04-19 18:25:32 UTC] [INFO] 
--- Evaluating: Voice API/Twilio ---
[2026-04-19 18:25:32 UTC] [INFO]   0 exclusion candidates (< 0.2)
[2026-04-19 18:25:32 UTC] [INFO]   0 review candidates (0.2-0.4)
[2026-04-19 18:25:32 UTC] [INFO] 
--- Evaluating: AI Agent/Travel ---
[2026-04-19 18:25:32 UTC] [INFO]   0 exclusion candidates (< 0.2)
[2026-04-19 18:25:32 UTC] [INFO]   0 review candidates (0.2-0.4)
[2026-04-19 18:25:32 UTC] [INFO] 
--- Evaluating: IoT SIM/generic ---
[2026-04-19 18:25:32 UTC] [INFO]   0 exclusion candidates (< 0.2)
[2026-04-19 18:25:32 UTC] [INFO]   0 review candidates (0.2-0.4)
[2026-04-19 18:25:32 UTC] [INFO] 
--- Evaluating: AI Agent/Contact Center ---
[2026-04-19 18:25:32 UTC] [INFO]   0 exclusion candidates (< 0.2)
[2026-04-19 18:25:32 UTC] [INFO]   0 review candidates (0.2-0.4)
[2026-04-19 18:25:32 UTC] [INFO] 
--- Evaluating: SIP/generic ---
[2026-04-19 18:25:32 UTC] [INFO]   0 exclusion candidates (< 0.2)
[2026-04-19 18:25:32 UTC] [INFO]   0 review candidates (0.2-0.4)
[2026-04-19 18:25:32 UTC] [INFO] 
--- Evaluating: AI Agent/ElevenLabs+Vapi ---
[2026-04-19 18:25:32 UTC] [INFO]   0 exclusion candidates (< 0.2)
[2026-04-19 18:25:32 UTC] [INFO]   0 review candidates (0.2-0.4)
[2026-04-19 18:25:32 UTC] [INFO] 
--- Evaluating: AI Agent/generic ---
[2026-04-19 18:25:32 UTC] [INFO]   0 exclusion candidates (< 0.2)
[2026-04-19 18:25:32 UTC] [INFO]   0 review candidates (0.2-0.4)
[2026-04-19 18:25:32 UTC] [INFO] 
--- Evaluating: SMS/generic ---
[2026-04-19 18:25:32 UTC] [INFO]   0 exclusion candidates (< 0.2)
[2026-04-19 18:25:32 UTC] [INFO]   0 review candidates (0.2-0.4)
[2026-04-19 18:25:32 UTC] [INFO] 
--- Evaluating: AI Agent/Fintech ---
[2026-04-19 18:25:32 UTC] [INFO]   0 exclusion candidates (< 0.2)
[2026-04-19 18:25:32 UTC] [INFO]   0 review candidates (0.2-0.4)
[2026-04-19 18:25:32 UTC] [INFO] 
--- Evaluating: AI Agent/Healthcare ---
[2026-04-19 18:25:32 UTC] [INFO]   0 exclusion candidates (< 0.2)
[2026-04-19 18:25:32 UTC] [INFO]   0 review candidates (0.2-0.4)
[2026-04-19 18:25:32 UTC] [INFO] 
--- Evaluating: AI Agent/Social Boost ---
[2026-04-19 18:25:32 UTC] [INFO]   0 exclusion candidates (< 0.2)
[2026-04-19 18:25:32 UTC] [INFO]   0 review candidates (0.2-0.4)
[2026-04-19 18:25:32 UTC] [INFO] 
=== Pruner Summary ===
[2026-04-19 18:25:32 UTC] [INFO] Accounts checked: 2555
[2026-04-19 18:25:32 UTC] [INFO] Product/variant combos: 14
[2026-04-19 18:25:32 UTC] [INFO] SF pipeline protected: 0
[2026-04-19 18:25:32 UTC] [INFO] Learning period protected: 35770
[2026-04-19 18:25:32 UTC] [INFO] Already excluded: 0
[2026-04-19 18:25:32 UTC] [INFO] Auto-excluded: 0
[2026-04-19 18:25:32 UTC] [INFO] Flagged for review: 0
[2026-04-19 18:26:00 UTC] [INFO] === ABM Pruner Agent starting (dry_run=True) ===
[2026-04-19 18:26:00 UTC] [INFO] Safety gate: 0 accounts with active SF pipeline — will NOT prune
[2026-04-19 18:26:00 UTC] [INFO] Existing exclusions: 2438
[2026-04-19 18:26:00 UTC] [INFO] Found 14 product/variant combinations to check
[2026-04-19 18:26:00 UTC] [INFO] Accounts to evaluate: 2555
[2026-04-19 18:26:00 UTC] [INFO] 
--- Evaluating: Voice API/generic ---
[2026-04-19 18:26:00 UTC] [INFO]   0 exclusion candidates (< 0.2)
[2026-04-19 18:26:00 UTC] [INFO]   0 review candidates (0.2-0.4)
[2026-04-19 18:26:00 UTC] [INFO] 
--- Evaluating: AI Agent/TTS API ---
[2026-04-19 18:26:00 UTC] [INFO]   0 exclusion candidates (< 0.2)
[2026-04-19 18:26:00 UTC] [INFO]   0 review candidates (0.2-0.4)
[2026-04-19 18:26:00 UTC] [INFO] 
--- Evaluating: AI Agent/STT API ---
[2026-04-19 18:26:00 UTC] [INFO]   0 exclusion candidates (< 0.2)
[2026-04-19 18:26:00 UTC] [INFO]   0 review candidates (0.2-0.4)
[2026-04-19 18:26:00 UTC] [INFO] 
--- Evaluating: Voice API/Twilio ---
[2026-04-19 18:26:00 UTC] [INFO]   0 exclusion candidates (< 0.2)
[2026-04-19 18:26:00 UTC] [INFO]   0 review candidates (0.2-0.4)
[2026-04-19 18:26:00 UTC] [INFO] 
--- Evaluating: AI Agent/Travel ---
[2026-04-19 18:26:00 UTC] [INFO]   0 exclusion candidates (< 0.2)
[2026-04-19 18:26:00 UTC] [INFO]   0 review candidates (0.2-0.4)
[2026-04-19 18:26:00 UTC] [INFO] 
--- Evaluating: IoT SIM/generic ---
[2026-04-19 18:26:00 UTC] [INFO]   0 exclusion candidates (< 0.2)
[2026-04-19 18:26:00 UTC] [INFO]   0 review candidates (0.2-0.4)
[2026-04-19 18:26:00 UTC] [INFO] 
--- Evaluating: AI Agent/Contact Center ---
[2026-04-19 18:26:00 UTC] [INFO]   0 exclusion candidates (< 0.2)
[2026-04-19 18:26:00 UTC] [INFO]   0 review candidates (0.2-0.4)
[2026-04-19 18:26:00 UTC] [INFO] 
--- Evaluating: SIP/generic ---
[2026-04-19 18:26:00 UTC] [INFO]   0 exclusion candidates (< 0.2)
[2026-04-19 18:26:00 UTC] [INFO]   0 review candidates (0.2-0.4)
[2026-04-19 18:26:00 UTC] [INFO] 
--- Evaluating: AI Agent/ElevenLabs+Vapi ---
[2026-04-19 18:26:00 UTC] [INFO]   0 exclusion candidates (< 0.2)
[2026-04-19 18:26:00 UTC] [INFO]   0 review candidates (0.2-0.4)
[2026-04-19 18:26:00 UTC] [INFO] 
--- Evaluating: AI Agent/generic ---
[2026-04-19 18:26:00 UTC] [INFO]   0 exclusion candidates (< 0.2)
[2026-04-19 18:26:00 UTC] [INFO]   0 review candidates (0.2-0.4)
[2026-04-19 18:26:00 UTC] [INFO] 
--- Evaluating: SMS/generic ---
[2026-04-19 18:26:00 UTC] [INFO]   0 exclusion candidates (< 0.2)
[2026-04-19 18:26:00 UTC] [INFO]   0 review candidates (0.2-0.4)
[2026-04-19 18:26:00 UTC] [INFO] 
--- Evaluating: AI Agent/Fintech ---
[2026-04-19 18:26:00 UTC] [INFO]   0 exclusion candidates (< 0.2)
[2026-04-19 18:26:00 UTC] [INFO]   0 review candidates (0.2-0.4)
[2026-04-19 18:26:00 UTC] [INFO] 
--- Evaluating: AI Agent/Healthcare ---
[2026-04-19 18:26:00 UTC] [INFO]   0 exclusion candidates (< 0.2)
[2026-04-19 18:26:00 UTC] [INFO]   0 review candidates (0.2-0.4)
[2026-04-19 18:26:00 UTC] [INFO] 
--- Evaluating: AI Agent/Social Boost ---
[2026-04-19 18:26:00 UTC] [INFO]   0 exclusion candidates (< 0.2)
[2026-04-19 18:26:00 UTC] [INFO]   0 review candidates (0.2-0.4)
[2026-04-19 18:26:00 UTC] [INFO] 
=== Pruner Summary ===
[2026-04-19 18:26:00 UTC] [INFO] Accounts checked: 2555
[2026-04-19 18:26:00 UTC] [INFO] Product/variant combos: 14
[2026-04-19 18:26:00 UTC] [INFO] SF pipeline protected: 0
[2026-04-19 18:26:00 UTC] [INFO] Learning period protected: 35770
[2026-04-19 18:26:00 UTC] [INFO] Already excluded: 0
[2026-04-19 18:26:00 UTC] [INFO] Auto-excluded: 0
[2026-04-19 18:26:00 UTC] [INFO] Flagged for review: 0
[2026-04-19 18:26:08 UTC] [INFO] === ABM Pruner Agent starting (dry_run=False) ===
[2026-04-19 18:26:08 UTC] [INFO] Safety gate: 0 accounts with active SF pipeline — will NOT prune
[2026-04-19 18:26:08 UTC] [INFO] Existing exclusions: 2438
[2026-04-19 18:26:08 UTC] [INFO] Found 14 product/variant combinations to check
[2026-04-19 18:26:08 UTC] [INFO] Accounts to evaluate: 2555
[2026-04-19 18:26:08 UTC] [INFO] 
--- Evaluating: Voice API/generic ---
[2026-04-19 18:26:08 UTC] [INFO]   0 exclusion candidates (< 0.2)
[2026-04-19 18:26:08 UTC] [INFO]   0 review candidates (0.2-0.4)
[2026-04-19 18:26:08 UTC] [INFO] 
--- Evaluating: AI Agent/TTS API ---
[2026-04-19 18:26:08 UTC] [INFO]   0 exclusion candidates (< 0.2)
[2026-04-19 18:26:08 UTC] [INFO]   0 review candidates (0.2-0.4)
[2026-04-19 18:26:08 UTC] [INFO] 
--- Evaluating: AI Agent/STT API ---
[2026-04-19 18:26:08 UTC] [INFO]   0 exclusion candidates (< 0.2)
[2026-04-19 18:26:08 UTC] [INFO]   0 review candidates (0.2-0.4)
[2026-04-19 18:26:08 UTC] [INFO] 
--- Evaluating: Voice API/Twilio ---
[2026-04-19 18:26:08 UTC] [INFO]   0 exclusion candidates (< 0.2)
[2026-04-19 18:26:08 UTC] [INFO]   0 review candidates (0.2-0.4)
[2026-04-19 18:26:08 UTC] [INFO] 
--- Evaluating: AI Agent/Travel ---
[2026-04-19 18:26:08 UTC] [INFO]   0 exclusion candidates (< 0.2)
[2026-04-19 18:26:08 UTC] [INFO]   0 review candidates (0.2-0.4)
[2026-04-19 18:26:08 UTC] [INFO] 
--- Evaluating: IoT SIM/generic ---
[2026-04-19 18:26:08 UTC] [INFO]   0 exclusion candidates (< 0.2)
[2026-04-19 18:26:08 UTC] [INFO]   0 review candidates (0.2-0.4)
[2026-04-19 18:26:08 UTC] [INFO] 
--- Evaluating: AI Agent/Contact Center ---
[2026-04-19 18:26:08 UTC] [INFO]   0 exclusion candidates (< 0.2)
[2026-04-19 18:26:08 UTC] [INFO]   0 review candidates (0.2-0.4)
[2026-04-19 18:26:08 UTC] [INFO] 
--- Evaluating: SIP/generic ---
[2026-04-19 18:26:08 UTC] [INFO]   0 exclusion candidates (< 0.2)
[2026-04-19 18:26:08 UTC] [INFO]   0 review candidates (0.2-0.4)
[2026-04-19 18:26:08 UTC] [INFO] 
--- Evaluating: AI Agent/ElevenLabs+Vapi ---
[2026-04-19 18:26:08 UTC] [INFO]   0 exclusion candidates (< 0.2)
[2026-04-19 18:26:08 UTC] [INFO]   0 review candidates (0.2-0.4)
[2026-04-19 18:26:08 UTC] [INFO] 
--- Evaluating: AI Agent/generic ---
[2026-04-19 18:26:08 UTC] [INFO]   0 exclusion candidates (< 0.2)
[2026-04-19 18:26:08 UTC] [INFO]   0 review candidates (0.2-0.4)
[2026-04-19 18:26:08 UTC] [INFO] 
--- Evaluating: SMS/generic ---
[2026-04-19 18:26:08 UTC] [INFO]   0 exclusion candidates (< 0.2)
[2026-04-19 18:26:08 UTC] [INFO]   0 review candidates (0.2-0.4)
[2026-04-19 18:26:08 UTC] [INFO] 
--- Evaluating: AI Agent/Fintech ---
[2026-04-19 18:26:08 UTC] [INFO]   0 exclusion candidates (< 0.2)
[2026-04-19 18:26:08 UTC] [INFO]   0 review candidates (0.2-0.4)
[2026-04-19 18:26:08 UTC] [INFO] 
--- Evaluating: AI Agent/Healthcare ---
[2026-04-19 18:26:08 UTC] [INFO]   0 exclusion candidates (< 0.2)
[2026-04-19 18:26:08 UTC] [INFO]   0 review candidates (0.2-0.4)
[2026-04-19 18:26:08 UTC] [INFO] 
--- Evaluating: AI Agent/Social Boost ---
[2026-04-19 18:26:08 UTC] [INFO]   0 exclusion candidates (< 0.2)
[2026-04-19 18:26:08 UTC] [INFO]   0 review candidates (0.2-0.4)
[2026-04-19 18:26:08 UTC] [INFO] 
=== Pruner Summary ===
[2026-04-19 18:26:08 UTC] [INFO] Accounts checked: 2555
[2026-04-19 18:26:08 UTC] [INFO] Product/variant combos: 14
[2026-04-19 18:26:08 UTC] [INFO] SF pipeline protected: 0
[2026-04-19 18:26:08 UTC] [INFO] Learning period protected: 35770
[2026-04-19 18:26:08 UTC] [INFO] Already excluded: 0
[2026-04-19 18:26:08 UTC] [INFO] Auto-excluded: 0
[2026-04-19 18:26:08 UTC] [INFO] Flagged for review: 0
[2026-04-19 23:46:06 UTC] [INFO] === ABM Pruner Agent starting (dry_run=True) ===
[2026-04-19 23:46:06 UTC] [INFO] Safety gate: 0 accounts with active SF pipeline — will NOT prune
[2026-04-19 23:46:06 UTC] [INFO] Existing exclusions: 3786
[2026-04-19 23:46:06 UTC] [INFO] Found 10 product/variant combinations from active campaigns
[2026-04-19 23:46:06 UTC] [INFO] Accounts to evaluate: 2555
[2026-04-19 23:46:06 UTC] [INFO] 
--- Evaluating: AI Agent/Contact Center ---
[2026-04-19 23:46:06 UTC] [INFO]   0 exclusion candidates (< 0.2)
[2026-04-19 23:46:06 UTC] [INFO]   0 review candidates (0.2-0.4)
[2026-04-19 23:46:06 UTC] [INFO] 
--- Evaluating: AI Agent/ElevenLabs+Vapi ---
[2026-04-19 23:46:06 UTC] [INFO]   0 exclusion candidates (< 0.2)
[2026-04-19 23:46:06 UTC] [INFO]   0 review candidates (0.2-0.4)
[2026-04-19 23:46:06 UTC] [INFO] 
--- Evaluating: AI Agent/Fintech ---
[2026-04-19 23:46:06 UTC] [INFO]   0 exclusion candidates (< 0.2)
[2026-04-19 23:46:06 UTC] [INFO]   0 review candidates (0.2-0.4)
[2026-04-19 23:46:06 UTC] [INFO] 
--- Evaluating: AI Agent/Healthcare ---
[2026-04-19 23:46:06 UTC] [INFO]   0 exclusion candidates (< 0.2)
[2026-04-19 23:46:06 UTC] [INFO]   0 review candidates (0.2-0.4)
[2026-04-19 23:46:06 UTC] [INFO] 
--- Evaluating: AI Agent/Sabre ---
[2026-04-19 23:46:06 UTC] [INFO]   0 exclusion candidates (< 0.2)
[2026-04-19 23:46:06 UTC] [INFO]   0 review candidates (0.2-0.4)
[2026-04-19 23:46:06 UTC] [INFO] 
--- Evaluating: AI Agent/Social Boost ---
[2026-04-19 23:46:06 UTC] [INFO]   0 exclusion candidates (< 0.2)
[2026-04-19 23:46:06 UTC] [INFO]   0 review candidates (0.2-0.4)
[2026-04-19 23:46:06 UTC] [INFO] 
--- Evaluating: AI Agent/STT API ---
[2026-04-19 23:46:06 UTC] [INFO]   0 exclusion candidates (< 0.2)
[2026-04-19 23:46:06 UTC] [INFO]   0 review candidates (0.2-0.4)
[2026-04-19 23:46:06 UTC] [INFO] 
--- Evaluating: AI Agent/Travel ---
[2026-04-19 23:46:06 UTC] [INFO]   0 exclusion candidates (< 0.2)
[2026-04-19 23:46:06 UTC] [INFO]   0 review candidates (0.2-0.4)
[2026-04-19 23:46:06 UTC] [INFO] 
--- Evaluating: AI Agent/TTS API ---
[2026-04-19 23:46:06 UTC] [INFO]   0 exclusion candidates (< 0.2)
[2026-04-19 23:46:06 UTC] [INFO]   0 review candidates (0.2-0.4)
[2026-04-19 23:46:06 UTC] [INFO] 
--- Evaluating: AI Agent/generic ---
[2026-04-19 23:46:06 UTC] [INFO]   0 exclusion candidates (< 0.2)
[2026-04-19 23:46:06 UTC] [INFO]   0 review candidates (0.2-0.4)
[2026-04-19 23:46:06 UTC] [INFO] 
=== Pruner Summary ===
[2026-04-19 23:46:06 UTC] [INFO] Accounts checked: 2555
[2026-04-19 23:46:06 UTC] [INFO] Product/variant combos: 10
[2026-04-19 23:46:06 UTC] [INFO] SF pipeline protected: 0
[2026-04-19 23:46:06 UTC] [INFO] Learning period protected: 25550
[2026-04-19 23:46:06 UTC] [INFO] Already excluded: 0
[2026-04-19 23:46:06 UTC] [INFO] Auto-excluded: 0
[2026-04-19 23:46:06 UTC] [INFO] Flagged for review: 0
[2026-04-19 23:46:19 UTC] [INFO] === ABM Pruner Agent starting (dry_run=True) ===
[2026-04-19 23:46:19 UTC] [INFO] Safety gate: 0 accounts with active SF pipeline — will NOT prune
[2026-04-19 23:46:19 UTC] [INFO] Existing exclusions: 3786
[2026-04-19 23:46:19 UTC] [INFO] Found 10 product/variant combinations from active campaigns
[2026-04-19 23:46:19 UTC] [INFO] Accounts to evaluate: 2555
[2026-04-19 23:46:19 UTC] [INFO] 
--- Evaluating: AI Agent/Contact Center ---
[2026-04-19 23:46:20 UTC] [INFO]   1631 exclusion candidates (< 0.2)
[2026-04-19 23:46:20 UTC] [INFO]   69 review candidates (0.2-0.4)
[2026-04-19 23:46:20 UTC] [INFO]   🚫 1631 exclusions need human approval (>10)
[2026-04-19 23:46:20 UTC] [INFO] 
--- Evaluating: AI Agent/ElevenLabs+Vapi ---
[2026-04-19 23:46:20 UTC] [INFO]   1684 exclusion candidates (< 0.2)
[2026-04-19 23:46:20 UTC] [INFO]   19 review candidates (0.2-0.4)
[2026-04-19 23:46:20 UTC] [INFO]   🚫 1684 exclusions need human approval (>10)
[2026-04-19 23:46:20 UTC] [INFO] 
--- Evaluating: AI Agent/Fintech ---
[2026-04-19 23:46:20 UTC] [INFO]   1684 exclusion candidates (< 0.2)
[2026-04-19 23:46:20 UTC] [INFO]   19 review candidates (0.2-0.4)
[2026-04-19 23:46:20 UTC] [INFO]   🚫 1684 exclusions need human approval (>10)
[2026-04-19 23:46:20 UTC] [INFO] 
--- Evaluating: AI Agent/Healthcare ---
[2026-04-19 23:46:20 UTC] [INFO]   1467 exclusion candidates (< 0.2)
[2026-04-19 23:46:20 UTC] [INFO]   209 review candidates (0.2-0.4)
[2026-04-19 23:46:20 UTC] [INFO]   🚫 1467 exclusions need human approval (>10)
[2026-04-19 23:46:20 UTC] [INFO] 
--- Evaluating: AI Agent/Sabre ---
[2026-04-19 23:46:20 UTC] [INFO]   1684 exclusion candidates (< 0.2)
[2026-04-19 23:46:20 UTC] [INFO]   19 review candidates (0.2-0.4)
[2026-04-19 23:46:20 UTC] [INFO]   🚫 1684 exclusions need human approval (>10)
[2026-04-19 23:46:20 UTC] [INFO] 
--- Evaluating: AI Agent/Social Boost ---
[2026-04-19 23:46:20 UTC] [INFO]   1684 exclusion candidates (< 0.2)
[2026-04-19 23:46:20 UTC] [INFO]   19 review candidates (0.2-0.4)
[2026-04-19 23:46:20 UTC] [INFO]   🚫 1684 exclusions need human approval (>10)
[2026-04-19 23:46:20 UTC] [INFO] 
--- Evaluating: AI Agent/STT API ---
[2026-04-19 23:46:20 UTC] [INFO]   1684 exclusion candidates (< 0.2)
[2026-04-19 23:46:20 UTC] [INFO]   19 review candidates (0.2-0.4)
[2026-04-19 23:46:20 UTC] [INFO]   🚫 1684 exclusions need human approval (>10)
[2026-04-19 23:46:20 UTC] [INFO] 
--- Evaluating: AI Agent/Travel ---
[2026-04-19 23:46:20 UTC] [INFO]   1624 exclusion candidates (< 0.2)
[2026-04-19 23:46:20 UTC] [INFO]   72 review candidates (0.2-0.4)
[2026-04-19 23:46:20 UTC] [INFO]   🚫 1624 exclusions need human approval (>10)
[2026-04-19 23:46:20 UTC] [INFO] 
--- Evaluating: AI Agent/TTS API ---
[2026-04-19 23:46:20 UTC] [INFO]   1684 exclusion candidates (< 0.2)
[2026-04-19 23:46:20 UTC] [INFO]   19 review candidates (0.2-0.4)
[2026-04-19 23:46:20 UTC] [INFO]   🚫 1684 exclusions need human approval (>10)
[2026-04-19 23:46:20 UTC] [INFO] 
--- Evaluating: AI Agent/generic ---
[2026-04-19 23:46:20 UTC] [INFO]   1684 exclusion candidates (< 0.2)
[2026-04-19 23:46:20 UTC] [INFO]   19 review candidates (0.2-0.4)
[2026-04-19 23:46:20 UTC] [INFO]   🚫 1684 exclusions need human approval (>10)
[2026-04-19 23:46:20 UTC] [INFO] 
=== Pruner Summary ===
[2026-04-19 23:46:20 UTC] [INFO] Accounts checked: 2555
[2026-04-19 23:46:20 UTC] [INFO] Product/variant combos: 10
[2026-04-19 23:46:20 UTC] [INFO] SF pipeline protected: 0
[2026-04-19 23:46:20 UTC] [INFO] Learning period protected: 1040
[2026-04-19 23:46:20 UTC] [INFO] Already excluded: 7450
[2026-04-19 23:46:20 UTC] [INFO] Auto-excluded: 0
[2026-04-19 23:46:20 UTC] [INFO] Flagged for review: 16993
[2026-04-19 23:46:20 UTC] [INFO] Posted 16993 review candidates to Telegram
[2026-04-19 23:46:51 UTC] [INFO] === ABM Pruner Agent starting (dry_run=True) ===
[2026-04-19 23:46:51 UTC] [INFO] Safety gate: 0 accounts with active SF pipeline — will NOT prune
[2026-04-19 23:46:51 UTC] [INFO] Existing exclusions: 3786
[2026-04-19 23:46:51 UTC] [INFO] Found 10 product/variant combinations from active campaigns
[2026-04-19 23:46:51 UTC] [INFO] Accounts to evaluate: 2555
[2026-04-19 23:46:51 UTC] [INFO] 
--- Evaluating: AI Agent/Contact Center ---
[2026-04-19 23:46:51 UTC] [INFO]   1631 exclusion candidates (< 0.2)
[2026-04-19 23:46:51 UTC] [INFO]   69 review candidates (0.2-0.4)
[2026-04-19 23:46:51 UTC] [INFO]   🚫 1631 exclusions need human approval (>10)
[2026-04-19 23:46:51 UTC] [INFO] 
--- Evaluating: AI Agent/ElevenLabs+Vapi ---
[2026-04-19 23:46:51 UTC] [INFO]   0 exclusion candidates (< 0.2)
[2026-04-19 23:46:51 UTC] [INFO]   0 review candidates (0.2-0.4)
[2026-04-19 23:46:51 UTC] [INFO] 
--- Evaluating: AI Agent/Fintech ---
[2026-04-19 23:46:51 UTC] [INFO]   0 exclusion candidates (< 0.2)
[2026-04-19 23:46:52 UTC] [INFO]   0 review candidates (0.2-0.4)
[2026-04-19 23:46:52 UTC] [INFO] 
--- Evaluating: AI Agent/Healthcare ---
[2026-04-19 23:46:52 UTC] [INFO]   0 exclusion candidates (< 0.2)
[2026-04-19 23:46:52 UTC] [INFO]   0 review candidates (0.2-0.4)
[2026-04-19 23:46:52 UTC] [INFO] 
--- Evaluating: AI Agent/Sabre ---
[2026-04-19 23:46:52 UTC] [INFO]   0 exclusion candidates (< 0.2)
[2026-04-19 23:46:52 UTC] [INFO]   0 review candidates (0.2-0.4)
[2026-04-19 23:46:52 UTC] [INFO] 
--- Evaluating: AI Agent/Social Boost ---
[2026-04-19 23:46:52 UTC] [INFO]   0 exclusion candidates (< 0.2)
[2026-04-19 23:46:52 UTC] [INFO]   0 review candidates (0.2-0.4)
[2026-04-19 23:46:52 UTC] [INFO] 
--- Evaluating: AI Agent/STT API ---
[2026-04-19 23:46:52 UTC] [INFO]   0 exclusion candidates (< 0.2)
[2026-04-19 23:46:52 UTC] [INFO]   0 review candidates (0.2-0.4)
[2026-04-19 23:46:52 UTC] [INFO] 
--- Evaluating: AI Agent/Travel ---
[2026-04-19 23:46:52 UTC] [INFO]   0 exclusion candidates (< 0.2)
[2026-04-19 23:46:52 UTC] [INFO]   0 review candidates (0.2-0.4)
[2026-04-19 23:46:52 UTC] [INFO] 
--- Evaluating: AI Agent/TTS API ---
[2026-04-19 23:46:52 UTC] [INFO]   0 exclusion candidates (< 0.2)
[2026-04-19 23:46:52 UTC] [INFO]   0 review candidates (0.2-0.4)
[2026-04-19 23:46:52 UTC] [INFO] 
--- Evaluating: AI Agent/generic ---
[2026-04-19 23:46:52 UTC] [INFO]   0 exclusion candidates (< 0.2)
[2026-04-19 23:46:52 UTC] [INFO]   0 review candidates (0.2-0.4)
[2026-04-19 23:46:52 UTC] [INFO] 
=== Pruner Summary ===
[2026-04-19 23:46:52 UTC] [INFO] Accounts checked: 2555
[2026-04-19 23:46:52 UTC] [INFO] Product/variant combos: 10
[2026-04-19 23:46:52 UTC] [INFO] SF pipeline protected: 0
[2026-04-19 23:46:52 UTC] [INFO] Learning period protected: 104
[2026-04-19 23:46:52 UTC] [INFO] Already excluded: 745
[2026-04-19 23:46:52 UTC] [INFO] Auto-excluded: 0
[2026-04-19 23:46:52 UTC] [INFO] Flagged for review: 1700
[2026-04-19 23:46:52 UTC] [INFO] Posted 1700 review candidates to Telegram
[2026-04-19 23:47:07 UTC] [INFO] === ABM Pruner Agent starting (dry_run=True) ===
[2026-04-19 23:47:07 UTC] [INFO] Safety gate: 0 accounts with active SF pipeline — will NOT prune
[2026-04-19 23:47:07 UTC] [INFO] Existing exclusions: 3786
[2026-04-19 23:47:07 UTC] [INFO] Found 10 product/variant combinations from active campaigns
[2026-04-19 23:47:07 UTC] [INFO] Last successful run: 2026-04-19 11:26:08.639000. Only evaluating accounts added since then.
[2026-04-19 23:47:07 UTC] [INFO] Accounts to evaluate: 0
[2026-04-19 23:47:07 UTC] [INFO] 
--- Evaluating: AI Agent/Contact Center ---
[2026-04-19 23:47:07 UTC] [INFO]   0 exclusion candidates (< 0.2)
[2026-04-19 23:47:07 UTC] [INFO]   0 review candidates (0.2-0.4)
[2026-04-19 23:47:07 UTC] [INFO] 
--- Evaluating: AI Agent/ElevenLabs+Vapi ---
[2026-04-19 23:47:07 UTC] [INFO]   0 exclusion candidates (< 0.2)
[2026-04-19 23:47:07 UTC] [INFO]   0 review candidates (0.2-0.4)
[2026-04-19 23:47:07 UTC] [INFO] 
--- Evaluating: AI Agent/Fintech ---
[2026-04-19 23:47:07 UTC] [INFO]   0 exclusion candidates (< 0.2)
[2026-04-19 23:47:07 UTC] [INFO]   0 review candidates (0.2-0.4)
[2026-04-19 23:47:07 UTC] [INFO] 
--- Evaluating: AI Agent/Healthcare ---
[2026-04-19 23:47:07 UTC] [INFO]   0 exclusion candidates (< 0.2)
[2026-04-19 23:47:07 UTC] [INFO]   0 review candidates (0.2-0.4)
[2026-04-19 23:47:07 UTC] [INFO] 
--- Evaluating: AI Agent/Sabre ---
[2026-04-19 23:47:07 UTC] [INFO]   0 exclusion candidates (< 0.2)
[2026-04-19 23:47:07 UTC] [INFO]   0 review candidates (0.2-0.4)
[2026-04-19 23:47:07 UTC] [INFO] 
--- Evaluating: AI Agent/Social Boost ---
[2026-04-19 23:47:07 UTC] [INFO]   0 exclusion candidates (< 0.2)
[2026-04-19 23:47:07 UTC] [INFO]   0 review candidates (0.2-0.4)
[2026-04-19 23:47:07 UTC] [INFO] 
--- Evaluating: AI Agent/STT API ---
[2026-04-19 23:47:07 UTC] [INFO]   0 exclusion candidates (< 0.2)
[2026-04-19 23:47:07 UTC] [INFO]   0 review candidates (0.2-0.4)
[2026-04-19 23:47:07 UTC] [INFO] 
--- Evaluating: AI Agent/Travel ---
[2026-04-19 23:47:07 UTC] [INFO]   0 exclusion candidates (< 0.2)
[2026-04-19 23:47:07 UTC] [INFO]   0 review candidates (0.2-0.4)
[2026-04-19 23:47:07 UTC] [INFO] 
--- Evaluating: AI Agent/TTS API ---
[2026-04-19 23:47:07 UTC] [INFO]   0 exclusion candidates (< 0.2)
[2026-04-19 23:47:07 UTC] [INFO]   0 review candidates (0.2-0.4)
[2026-04-19 23:47:07 UTC] [INFO] 
--- Evaluating: AI Agent/generic ---
[2026-04-19 23:47:07 UTC] [INFO]   0 exclusion candidates (< 0.2)
[2026-04-19 23:47:07 UTC] [INFO]   0 review candidates (0.2-0.4)
[2026-04-19 23:47:07 UTC] [INFO] 
=== Pruner Summary ===
[2026-04-19 23:47:07 UTC] [INFO] Accounts checked: 0
[2026-04-19 23:47:07 UTC] [INFO] Product/variant combos: 10
[2026-04-19 23:47:07 UTC] [INFO] SF pipeline protected: 0
[2026-04-19 23:47:07 UTC] [INFO] Learning period protected: 0
[2026-04-19 23:47:07 UTC] [INFO] Already excluded: 0
[2026-04-19 23:47:07 UTC] [INFO] Auto-excluded: 0
[2026-04-19 23:47:07 UTC] [INFO] Flagged for review: 0
