🔍 Negative Keyword Agent — 2026-03-13 09:00 UTC
   ⚠️  DRY RUN — no changes will be applied

Fetching search term report...
  10000 search terms found
  38 campaigns
Fetching campaign keywords...
  3426 keywords across 38 campaigns
Fetching ad copy themes...
  5471 themes across 38 campaigns
Fetching existing negatives...
  0 existing negatives

Loading knowledge context...
  Loaded knowledge context (14742 chars)
Filtering search terms...
  95 candidates after filtering (9905 skipped)

Analyzing 95 terms with AI (batches of 25)...
  Batch 1/4 (25 terms)...
  Warning: OPENCLAW_GATEWAY_TOKEN not set, falling back to rule-based
  Batch 2/4 (25 terms)...
  Warning: OPENCLAW_GATEWAY_TOKEN not set, falling back to rule-based
  Batch 3/4 (25 terms)...
  Warning: OPENCLAW_GATEWAY_TOKEN not set, falling back to rule-based
  Batch 4/4 (20 terms)...
  Warning: OPENCLAW_GATEWAY_TOKEN not set, falling back to rule-based

============================================================
RESULTS:
  Analyzed: 95 terms
  Skipped:  9905 (below thresholds)
  Blocked:  0 auto-apply (≥80% confidence)
  Review:   0 logged for monitoring (<80%)
  Monitor:  29
  Kept:     66
  Est. waste: $0.00 (0/month)
============================================================

DB: AgentRun f6b16744-3986-4bfd-ab78-d6004b63b7b6 created with 0 recommendations

Log saved to /Users/azizalsinafi/.openclaw/workspace/demand-gen-hub/logs/negative-keywords/2026-03-13.json
Runtime: 11s
🔍 Negative Keyword Agent — 2026-03-14 09:00 UTC
   ⚠️  DRY RUN — no changes will be applied

Fetching search term report...
  10000 search terms found
  44 campaigns
Fetching campaign keywords...
  3468 keywords across 44 campaigns
Fetching ad copy themes...
  6704 themes across 44 campaigns
Fetching existing negatives...
  0 existing negatives

Loading knowledge context...
  Loaded knowledge context (14742 chars)
Filtering search terms...
  94 candidates after filtering (9906 skipped)

Analyzing 94 terms with AI (batches of 25)...
  Batch 1/4 (25 terms)...
  Warning: OPENCLAW_GATEWAY_TOKEN not set, falling back to rule-based
  Batch 2/4 (25 terms)...
  Warning: OPENCLAW_GATEWAY_TOKEN not set, falling back to rule-based
  Batch 3/4 (25 terms)...
  Warning: OPENCLAW_GATEWAY_TOKEN not set, falling back to rule-based
  Batch 4/4 (19 terms)...
  Warning: OPENCLAW_GATEWAY_TOKEN not set, falling back to rule-based

============================================================
RESULTS:
  Analyzed: 94 terms
  Skipped:  9906 (below thresholds)
  Blocked:  0 auto-apply (≥80% confidence)
  Review:   0 logged for monitoring (<80%)
  Monitor:  35
  Kept:     59
  Est. waste: $0.00 (0/month)
============================================================

DB: AgentRun f7516328-6c29-4d73-b819-bf3db6799e7a created with 0 recommendations

Log saved to /Users/azizalsinafi/.openclaw/workspace/demand-gen-hub/logs/negative-keywords/2026-03-14.json
Runtime: 9s
🔍 Negative Keyword Agent — 2026-03-15 09:00 UTC
   ⚠️  DRY RUN — no changes will be applied

Fetching search term report...
  10000 search terms found
  46 campaigns
Fetching campaign keywords...
  3482 keywords across 46 campaigns
Fetching ad copy themes...
  6808 themes across 46 campaigns
Fetching existing negatives...
  0 existing negatives

Loading knowledge context...
  Loaded knowledge context (14742 chars)
Filtering search terms...
  255 candidates after filtering (9745 skipped)
Enriching candidates with campaign context...

Analyzing 255 terms with AI (batches of 25)...
  Batch 1/11 (25 terms)...
  Warning: OPENCLAW_GATEWAY_TOKEN not set, falling back to rule-based
    Retry 1/2 in 10s...
  Warning: OPENCLAW_GATEWAY_TOKEN not set, falling back to rule-based
    Retry 2/2 in 20s...
  Warning: OPENCLAW_GATEWAY_TOKEN not set, falling back to rule-based
    Retry 3/2 in 30s...
  Batch 2/11 (25 terms)...
  Warning: OPENCLAW_GATEWAY_TOKEN not set, falling back to rule-based
    Retry 1/2 in 10s...
  Warning: OPENCLAW_GATEWAY_TOKEN not set, falling back to rule-based
    Retry 2/2 in 20s...
  Warning: OPENCLAW_GATEWAY_TOKEN not set, falling back to rule-based
    Retry 3/2 in 30s...
  Batch 3/11 (25 terms)...
  Warning: OPENCLAW_GATEWAY_TOKEN not set, falling back to rule-based
    Retry 1/2 in 10s...
  Warning: OPENCLAW_GATEWAY_TOKEN not set, falling back to rule-based
    Retry 2/2 in 20s...
  Warning: OPENCLAW_GATEWAY_TOKEN not set, falling back to rule-based
    Retry 3/2 in 30s...
  Batch 4/11 (25 terms)...
  Warning: OPENCLAW_GATEWAY_TOKEN not set, falling back to rule-based
    Retry 1/2 in 10s...
  Warning: OPENCLAW_GATEWAY_TOKEN not set, falling back to rule-based
    Retry 2/2 in 20s...
  Warning: OPENCLAW_GATEWAY_TOKEN not set, falling back to rule-based
    Retry 3/2 in 30s...
  Batch 5/11 (25 terms)...
  Warning: OPENCLAW_GATEWAY_TOKEN not set, falling back to rule-based
    Retry 1/2 in 10s...
  Warning: OPENCLAW_GATEWAY_TOKEN not set, falling back to rule-based
    Retry 2/2 in 20s...
  Warning: OPENCLAW_GATEWAY_TOKEN not set, falling back to rule-based
    Retry 3/2 in 30s...
  Batch 6/11 (25 terms)...
  Warning: OPENCLAW_GATEWAY_TOKEN not set, falling back to rule-based
    Retry 1/2 in 10s...
  Warning: OPENCLAW_GATEWAY_TOKEN not set, falling back to rule-based
    Retry 2/2 in 20s...
  Warning: OPENCLAW_GATEWAY_TOKEN not set, falling back to rule-based
    Retry 3/2 in 30s...
  Batch 7/11 (25 terms)...
  Warning: OPENCLAW_GATEWAY_TOKEN not set, falling back to rule-based
    Retry 1/2 in 10s...
  Warning: OPENCLAW_GATEWAY_TOKEN not set, falling back to rule-based
    Retry 2/2 in 20s...
  Warning: OPENCLAW_GATEWAY_TOKEN not set, falling back to rule-based
    Retry 3/2 in 30s...
  Batch 8/11 (25 terms)...
  Warning: OPENCLAW_GATEWAY_TOKEN not set, falling back to rule-based
    Retry 1/2 in 10s...
  Warning: OPENCLAW_GATEWAY_TOKEN not set, falling back to rule-based
    Retry 2/2 in 20s...
  Warning: OPENCLAW_GATEWAY_TOKEN not set, falling back to rule-based
    Retry 3/2 in 30s...
  Batch 9/11 (25 terms)...
  Warning: OPENCLAW_GATEWAY_TOKEN not set, falling back to rule-based
    Retry 1/2 in 10s...
  Warning: OPENCLAW_GATEWAY_TOKEN not set, falling back to rule-based
    Retry 2/2 in 20s...
  Warning: OPENCLAW_GATEWAY_TOKEN not set, falling back to rule-based
    Retry 3/2 in 30s...
  Batch 10/11 (25 terms)...
  Warning: OPENCLAW_GATEWAY_TOKEN not set, falling back to rule-based
    Retry 1/2 in 10s...
  Warning: OPENCLAW_GATEWAY_TOKEN not set, falling back to rule-based
    Retry 2/2 in 20s...
  Warning: OPENCLAW_GATEWAY_TOKEN not set, falling back to rule-based
    Retry 3/2 in 30s...
  Batch 11/11 (5 terms)...
  Warning: OPENCLAW_GATEWAY_TOKEN not set, falling back to rule-based
    Retry 1/2 in 10s...
  Warning: OPENCLAW_GATEWAY_TOKEN not set, falling back to rule-based
    Retry 2/2 in 20s...
  Warning: OPENCLAW_GATEWAY_TOKEN not set, falling back to rule-based
    Retry 3/2 in 30s...

============================================================
RESULTS:
  Analyzed:          255 terms
  Skipped:           9745 (below thresholds)
  Blocked (irrelevant): 0 auto-apply (≥80% confidence)
  Blocked (wrong campaign): 0 auto-apply (campaign-level)
  Review (irrelevant):  0 (<80%)
  Review (wrong campaign): 0 (<80%)
  Monitor:           130
  Kept:              125
  Est. waste (irrelevant): $0.00 ($0/month)
  Est. bleed (wrong campaign): $0.00 ($0/month)
============================================================

DB: AgentRun 3ba9b49d-1c34-4bf2-90f1-53c65f337fae created with 0 recommendations

Log saved to /Users/azizalsinafi/.openclaw/workspace/demand-gen-hub/logs/negative-keywords/2026-03-15.json
Runtime: 673s
🔍 Negative Keyword Agent — 2026-03-16 09:00 UTC
   ⚠️  DRY RUN — no changes will be applied

Fetching search term report...
  10000 search terms found
  46 campaigns
Fetching campaign keywords...
  3311 keywords across 46 campaigns
Fetching ad copy themes...
  7393 themes across 46 campaigns
Fetching existing negatives...
  0 existing negatives

Loading knowledge context...
  Loaded knowledge context (14742 chars)
Filtering search terms...
  240 candidates after filtering (9760 skipped)
Enriching candidates with campaign context...

Analyzing 240 terms with AI (batches of 25)...
  Batch 1/10 (25 terms)...
  Warning: OPENCLAW_GATEWAY_TOKEN not set, falling back to rule-based
    Retry 1/2 in 10s...
  Warning: OPENCLAW_GATEWAY_TOKEN not set, falling back to rule-based
    Retry 2/2 in 20s...
  Warning: OPENCLAW_GATEWAY_TOKEN not set, falling back to rule-based
    Retry 3/2 in 30s...
  Batch 2/10 (25 terms)...
  Warning: OPENCLAW_GATEWAY_TOKEN not set, falling back to rule-based
    Retry 1/2 in 10s...
  Warning: OPENCLAW_GATEWAY_TOKEN not set, falling back to rule-based
    Retry 2/2 in 20s...
  Warning: OPENCLAW_GATEWAY_TOKEN not set, falling back to rule-based
    Retry 3/2 in 30s...
  Batch 3/10 (25 terms)...
  Warning: OPENCLAW_GATEWAY_TOKEN not set, falling back to rule-based
    Retry 1/2 in 10s...
  Warning: OPENCLAW_GATEWAY_TOKEN not set, falling back to rule-based
    Retry 2/2 in 20s...
  Warning: OPENCLAW_GATEWAY_TOKEN not set, falling back to rule-based
    Retry 3/2 in 30s...
  Batch 4/10 (25 terms)...
  Warning: OPENCLAW_GATEWAY_TOKEN not set, falling back to rule-based
    Retry 1/2 in 10s...
  Warning: OPENCLAW_GATEWAY_TOKEN not set, falling back to rule-based
    Retry 2/2 in 20s...
  Warning: OPENCLAW_GATEWAY_TOKEN not set, falling back to rule-based
    Retry 3/2 in 30s...
  Batch 5/10 (25 terms)...
  Warning: OPENCLAW_GATEWAY_TOKEN not set, falling back to rule-based
    Retry 1/2 in 10s...
  Warning: OPENCLAW_GATEWAY_TOKEN not set, falling back to rule-based
    Retry 2/2 in 20s...
  Warning: OPENCLAW_GATEWAY_TOKEN not set, falling back to rule-based
    Retry 3/2 in 30s...
  Batch 6/10 (25 terms)...
  Warning: OPENCLAW_GATEWAY_TOKEN not set, falling back to rule-based
    Retry 1/2 in 10s...
  Warning: OPENCLAW_GATEWAY_TOKEN not set, falling back to rule-based
    Retry 2/2 in 20s...
  Warning: OPENCLAW_GATEWAY_TOKEN not set, falling back to rule-based
    Retry 3/2 in 30s...
  Batch 7/10 (25 terms)...
  Warning: OPENCLAW_GATEWAY_TOKEN not set, falling back to rule-based
    Retry 1/2 in 10s...
  Warning: OPENCLAW_GATEWAY_TOKEN not set, falling back to rule-based
    Retry 2/2 in 20s...
  Warning: OPENCLAW_GATEWAY_TOKEN not set, falling back to rule-based
    Retry 3/2 in 30s...
  Batch 8/10 (25 terms)...
  Warning: OPENCLAW_GATEWAY_TOKEN not set, falling back to rule-based
    Retry 1/2 in 10s...
  Warning: OPENCLAW_GATEWAY_TOKEN not set, falling back to rule-based
    Retry 2/2 in 20s...
  Warning: OPENCLAW_GATEWAY_TOKEN not set, falling back to rule-based
    Retry 3/2 in 30s...
  Batch 9/10 (25 terms)...
  Warning: OPENCLAW_GATEWAY_TOKEN not set, falling back to rule-based
    Retry 1/2 in 10s...
  Warning: OPENCLAW_GATEWAY_TOKEN not set, falling back to rule-based
    Retry 2/2 in 20s...
  Warning: OPENCLAW_GATEWAY_TOKEN not set, falling back to rule-based
    Retry 3/2 in 30s...
  Batch 10/10 (15 terms)...
  Warning: OPENCLAW_GATEWAY_TOKEN not set, falling back to rule-based
    Retry 1/2 in 10s...
  Warning: OPENCLAW_GATEWAY_TOKEN not set, falling back to rule-based
    Retry 2/2 in 20s...
  Warning: OPENCLAW_GATEWAY_TOKEN not set, falling back to rule-based
    Retry 3/2 in 30s...

============================================================
RESULTS:
  Analyzed:          240 terms
  Skipped:           9760 (below thresholds)
  Blocked (irrelevant): 0 auto-apply (≥80% confidence)
  Blocked (wrong campaign): 0 auto-apply (campaign-level)
  Review (irrelevant):  0 (<80%)
  Review (wrong campaign): 0 (<80%)
  Monitor:           120
  Kept:              120
  Est. waste (irrelevant): $0.00 ($0/month)
  Est. bleed (wrong campaign): $0.00 ($0/month)
============================================================

DB: AgentRun 9a6fbfa2-5234-4f0e-a78b-dbd9707905b8 created with 0 recommendations

Log saved to /Users/azizalsinafi/.openclaw/workspace/demand-gen-hub/logs/negative-keywords/2026-03-16.json
Runtime: 612s
